<?xml version="1.0" encoding="UTF-8"?>
<coverage generated="1660179075095" clover="3.2.0">
  <project timestamp="1660179075095" name="All files">
    <metrics statements="26" coveredstatements="22" conditionals="2" coveredconditionals="0" methods="6" coveredmethods="5" elements="34" coveredelements="27" complexity="0" loc="26" ncloc="26" packages="1" files="1" classes="1"/>
    <file name="index.js" path="/Users/delfrinando/Documents/SkillsUnion/GitHub/lottery-random/index.js">
      <metrics statements="26" coveredstatements="22" conditionals="2" coveredconditionals="0" methods="6" coveredmethods="5"/>
      <line num="1" count="1" type="stmt"/>
      <line num="2" count="1" type="stmt"/>
      <line num="3" count="1" type="stmt"/>
      <line num="4" count="1" type="stmt"/>
      <line num="5" count="1" type="stmt"/>
      <line num="7" count="1" type="stmt"/>
      <line num="8" count="1" type="stmt"/>
      <line num="9" count="1" type="stmt"/>
      <line num="10" count="1" type="stmt"/>
      <line num="12" count="1" type="stmt"/>
      <line num="13" count="0" type="stmt"/>
      <line num="14" count="0" type="cond" truecount="0" falsecount="2"/>
      <line num="15" count="0" type="stmt"/>
      <line num="16" count="0" type="stmt"/>
      <line num="20" count="1" type="stmt"/>
      <line num="21" count="1" type="stmt"/>
      <line num="24" count="1" type="stmt"/>
      <line num="25" count="1" type="stmt"/>
      <line num="26" count="1" type="stmt"/>
      <line num="27" count="1" type="stmt"/>
      <line num="30" count="1" type="stmt"/>
      <line num="31" count="1" type="stmt"/>
      <line num="34" count="1" type="stmt"/>
      <line num="35" count="1" type="stmt"/>
      <line num="38" count="1" type="stmt"/>
      <line num="40" count="1" type="stmt"/>
    </file>
  </project>
</coverage>
