{"/Users/delfrinando/Documents/SkillsUnion/GitHub/lottery-random/index.js": {"path":"/Users/delfrinando/Documents/SkillsUnion/GitHub/lottery-random/index.js","statementMap":{"0":{"start":{"line":1,"column":16},"end":{"line":1,"column":34}},"1":{"start":{"line":2,"column":13},"end":{"line":2,"column":28}},"2":{"start":{"line":3,"column":12},"end":{"line":3,"column":21}},"3":{"start":{"line":4,"column":19},"end":{"line":4,"column":41}},"4":{"start":{"line":5,"column":0},"end":{"line":5,"column":27}},"5":{"start":{"line":7,"column":23},"end":{"line":7,"column":25}},"6":{"start":{"line":8,"column":23},"end":{"line":8,"column":25}},"7":{"start":{"line":9,"column":15},"end":{"line":9,"column":19}},"8":{"start":{"line":10,"column":13},"end":{"line":10,"column":17}},"9":{"start":{"line":12,"column":19},"end":{"line":18,"column":1}},"10":{"start":{"line":13,"column":17},"end":{"line":13,"column":80}},"11":{"start":{"line":14,"column":2},"end":{"line":17,"column":3}},"12":{"start":{"line":15,"column":6},"end":{"line":15,"column":33}},"13":{"start":{"line":16,"column":6},"end":{"line":16,"column":31}},"14":{"start":{"line":20,"column":0},"end":{"line":20,"column":32}},"15":{"start":{"line":22,"column":0},"end":{"line":24,"column":3}},"16":{"start":{"line":23,"column":4},"end":{"line":23,"column":31}},"17":{"start":{"line":26,"column":0},"end":{"line":35,"column":3}},"18":{"start":{"line":27,"column":13},"end":{"line":27,"column":54}},"19":{"start":{"line":28,"column":16},"end":{"line":28,"column":59}},"20":{"start":{"line":28,"column":46},"end":{"line":28,"column":58}},"21":{"start":{"line":29,"column":4},"end":{"line":33,"column":5}},"22":{"start":{"line":30,"column":24},"end":{"line":30,"column":55}},"23":{"start":{"line":31,"column":6},"end":{"line":31,"column":36}},"24":{"start":{"line":32,"column":6},"end":{"line":32,"column":33}},"25":{"start":{"line":34,"column":4},"end":{"line":34,"column":50}},"26":{"start":{"line":37,"column":0},"end":{"line":39,"column":3}},"27":{"start":{"line":38,"column":2},"end":{"line":38,"column":34}},"28":{"start":{"line":41,"column":0},"end":{"line":43,"column":5}},"29":{"start":{"line":42,"column":4},"end":{"line":42,"column":36}},"30":{"start":{"line":45,"column":0},"end":{"line":45,"column":72}},"31":{"start":{"line":45,"column":23},"end":{"line":45,"column":70}},"32":{"start":{"line":47,"column":0},"end":{"line":51,"column":2}}},"fnMap":{"0":{"name":"(anonymous_0)","decl":{"start":{"line":12,"column":19},"end":{"line":12,"column":20}},"loc":{"start":{"line":12,"column":25},"end":{"line":18,"column":1}},"line":12},"1":{"name":"(anonymous_1)","decl":{"start":{"line":22,"column":13},"end":{"line":22,"column":14}},"loc":{"start":{"line":22,"column":25},"end":{"line":24,"column":1}},"line":22},"2":{"name":"(anonymous_2)","decl":{"start":{"line":26,"column":22},"end":{"line":26,"column":23}},"loc":{"start":{"line":26,"column":36},"end":{"line":35,"column":1}},"line":26},"3":{"name":"(anonymous_3)","decl":{"start":{"line":28,"column":41},"end":{"line":28,"column":42}},"loc":{"start":{"line":28,"column":46},"end":{"line":28,"column":58}},"line":28},"4":{"name":"(anonymous_4)","decl":{"start":{"line":37,"column":23},"end":{"line":37,"column":24}},"loc":{"start":{"line":37,"column":35},"end":{"line":39,"column":1}},"line":37},"5":{"name":"(anonymous_5)","decl":{"start":{"line":41,"column":19},"end":{"line":41,"column":20}},"loc":{"start":{"line":41,"column":31},"end":{"line":43,"column":3}},"line":41},"6":{"name":"(anonymous_6)","decl":{"start":{"line":45,"column":17},"end":{"line":45,"column":18}},"loc":{"start":{"line":45,"column":23},"end":{"line":45,"column":70}},"line":45}},"branchMap":{"0":{"loc":{"start":{"line":14,"column":2},"end":{"line":17,"column":3}},"type":"if","locations":[{"start":{"line":14,"column":2},"end":{"line":17,"column":3}},{"start":{},"end":{}}],"line":14},"1":{"loc":{"start":{"line":29,"column":4},"end":{"line":33,"column":5}},"type":"if","locations":[{"start":{"line":29,"column":4},"end":{"line":33,"column":5}},{"start":{},"end":{}}],"line":29}},"s":{"0":1,"1":1,"2":1,"3":1,"4":1,"5":1,"6":1,"7":1,"8":1,"9":1,"10":2,"11":2,"12":1,"13":1,"14":1,"15":1,"16":1,"17":1,"18":2,"19":2,"20":1,"21":2,"22":1,"23":1,"24":1,"25":1,"26":1,"27":1,"28":1,"29":1,"30":1,"31":1,"32":1},"f":{"0":2,"1":1,"2":2,"3":1,"4":1,"5":1,"6":1},"b":{"0":[1,1],"1":[1,1]},"_coverageSchema":"1a1c01bbd47fc00a2c39e90264f33305004495a9","hash":"70a08b235a93a4bbbc4fc10d5a9213a943bb096f"}
}
